<?xml version="1.0" encoding="UTF-8"?>
<!-- Generated by org.testng.reporters.JUnitXMLReporter -->
<testsuite ignored="0" hostname="Sidharth" failures="0" tests="7" name="Default test" time="15.01" errors="0" timestamp="2023-11-29T23:25:12 IST">
  <testcase classname="testngdemo_1.Class_3" name="advancedSearch" time="0.005"/>
  <testcase classname="testngdemo_1.Class_3" name="buyProduct" time="0.002"/>
  <testcase classname="testngdemo_1.Class_3" name="search" time="0.001"/>
  <testcase classname="testngdemo_1.Class_4" name="accountSummary" time="0.0"/>
  <testcase classname="testngdemo_1.Class_4" name="fundTransfer" time="0.001"/>
  <testcase classname="testngdemo_1.Class_4" name="billPayment" time="0.001"/>
  <testcase classname="testngdemo_1.LaunchChromeBrowser" name="LaunchChromeBrowser" time="14.961"/>
</testsuite> <!-- Default test -->
