<?xml version="1.0" encoding="UTF-8"?>
<testng-results ignored="0" total="7" passed="7" failed="0" skipped="0">
  <reporter-output>
  </reporter-output>
  <suite started-at="2023-11-29T23:24:57 IST" name="Default suite" finished-at="2023-11-29T23:25:12 IST" duration-ms="15010">
    <groups>
    </groups>
    <test started-at="2023-11-29T23:24:57 IST" name="Default test" finished-at="2023-11-29T23:25:12 IST" duration-ms="15010">
      <class name="testngdemo_1.Class_4">
        <test-method signature="accountSummary()[pri:1, instance:testngdemo_1.Class_4@44c03695]" started-at="2023-11-29T23:24:57 IST" name="accountSummary" finished-at="2023-11-29T23:24:57 IST" duration-ms="0" status="PASS">
          <reporter-output>
          </reporter-output>
        </test-method> <!-- accountSummary -->
        <test-method signature="fundTransfer()[pri:2, instance:testngdemo_1.Class_4@44c03695]" started-at="2023-11-29T23:24:57 IST" name="fundTransfer" finished-at="2023-11-29T23:24:57 IST" duration-ms="1" status="PASS">
          <reporter-output>
          </reporter-output>
        </test-method> <!-- fundTransfer -->
        <test-method signature="billPayment()[pri:3, instance:testngdemo_1.Class_4@44c03695]" started-at="2023-11-29T23:24:57 IST" name="billPayment" finished-at="2023-11-29T23:24:57 IST" duration-ms="1" status="PASS">
          <reporter-output>
          </reporter-output>
        </test-method> <!-- billPayment -->
      </class> <!-- testngdemo_1.Class_4 -->
      <class name="testngdemo_1.Class_3">
        <test-method is-config="true" signature="login()[pri:0, instance:testngdemo_1.Class_3@5b12b668]" started-at="2023-11-29T23:24:57 IST" name="login" finished-at="2023-11-29T23:24:57 IST" duration-ms="6" status="PASS">
          <reporter-output>
          </reporter-output>
        </test-method> <!-- login -->
        <test-method signature="advancedSearch()[pri:0, instance:testngdemo_1.Class_3@5b12b668]" started-at="2023-11-29T23:24:57 IST" name="advancedSearch" finished-at="2023-11-29T23:24:57 IST" duration-ms="5" status="PASS">
          <reporter-output>
          </reporter-output>
        </test-method> <!-- advancedSearch -->
        <test-method signature="buyProduct()[pri:0, instance:testngdemo_1.Class_3@5b12b668]" started-at="2023-11-29T23:24:57 IST" name="buyProduct" finished-at="2023-11-29T23:24:57 IST" duration-ms="2" status="PASS">
          <reporter-output>
          </reporter-output>
        </test-method> <!-- buyProduct -->
        <test-method signature="search()[pri:0, instance:testngdemo_1.Class_3@5b12b668]" started-at="2023-11-29T23:24:57 IST" name="search" finished-at="2023-11-29T23:24:57 IST" duration-ms="1" status="PASS">
          <reporter-output>
          </reporter-output>
        </test-method> <!-- search -->
        <test-method is-config="true" signature="logout()[pri:0, instance:testngdemo_1.Class_3@5b12b668]" started-at="2023-11-29T23:25:12 IST" name="logout" finished-at="2023-11-29T23:25:12 IST" duration-ms="0" status="PASS">
          <reporter-output>
          </reporter-output>
        </test-method> <!-- logout -->
      </class> <!-- testngdemo_1.Class_3 -->
      <class name="testngdemo_1.LaunchChromeBrowser">
        <test-method signature="LaunchChromeBrowser()[pri:0, instance:testngdemo_1.LaunchChromeBrowser@7e6f74c]" started-at="2023-11-29T23:24:57 IST" name="LaunchChromeBrowser" finished-at="2023-11-29T23:25:12 IST" duration-ms="14961" status="PASS">
          <reporter-output>
          </reporter-output>
        </test-method> <!-- LaunchChromeBrowser -->
      </class> <!-- testngdemo_1.LaunchChromeBrowser -->
    </test> <!-- Default test -->
  </suite> <!-- Default suite -->
</testng-results>
